<?xml version="1.0" encoding="UTF-8"?>
<coverage generated="1713318350139" clover="3.2.0">
  <project timestamp="1713318350139" name="All files">
    <metrics statements="112" coveredstatements="104" conditionals="54" coveredconditionals="52" methods="20" coveredmethods="14" elements="186" coveredelements="170" complexity="0" loc="112" ncloc="112" packages="1" files="6" classes="6"/>
    <file name="ConversionResults.js" path="/Users/cassandralanza/Desktop/MetricMorph/MetricMorph/ConversionResults.js">
      <metrics statements="29" coveredstatements="27" conditionals="18" coveredconditionals="16" methods="3" coveredmethods="3"/>
      <line num="11" count="61" type="cond" truecount="4" falsecount="0"/>
      <line num="12" count="27" type="stmt"/>
      <line num="15" count="34" type="cond" truecount="4" falsecount="0"/>
      <line num="16" count="2" type="stmt"/>
      <line num="19" count="32" type="stmt"/>
      <line num="20" count="32" type="stmt"/>
      <line num="21" count="32" type="stmt"/>
      <line num="22" count="32" type="stmt"/>
      <line num="25" count="32" type="cond" truecount="2" falsecount="0"/>
      <line num="26" count="2" type="stmt"/>
      <line num="28" count="30" type="cond" truecount="2" falsecount="0"/>
      <line num="30" count="26" type="cond" truecount="2" falsecount="0"/>
      <line num="31" count="7" type="stmt"/>
      <line num="33" count="19" type="stmt"/>
      <line num="38" count="4" type="stmt"/>
      <line num="40" count="4" type="cond" truecount="1" falsecount="1"/>
      <line num="41" count="4" type="stmt"/>
      <line num="43" count="0" type="stmt"/>
      <line num="46" count="4" type="cond" truecount="1" falsecount="1"/>
      <line num="47" count="4" type="stmt"/>
      <line num="49" count="0" type="stmt"/>
      <line num="52" count="32" type="stmt"/>
      <line num="61" count="1" type="stmt"/>
      <line num="63" count="4" type="stmt"/>
      <line num="65" count="4" type="stmt"/>
      <line num="67" count="4" type="stmt"/>
      <line num="125" count="4" type="stmt"/>
      <line num="132" count="44" type="stmt"/>
      <line num="146" count="1" type="stmt"/>
    </file>
    <file name="ConvertMeterYardResults.js" path="/Users/cassandralanza/Desktop/MetricMorph/MetricMorph/ConvertMeterYardResults.js">
      <metrics statements="7" coveredstatements="7" conditionals="0" coveredconditionals="0" methods="3" coveredmethods="3"/>
      <line num="6" count="1" type="stmt"/>
      <line num="8" count="4" type="stmt"/>
      <line num="9" count="1" type="stmt"/>
      <line num="12" count="4" type="stmt"/>
      <line num="13" count="1" type="stmt"/>
      <line num="16" count="4" type="stmt"/>
      <line num="37" count="1" type="stmt"/>
    </file>
    <file name="EffortResults.js" path="/Users/cassandralanza/Desktop/MetricMorph/MetricMorph/EffortResults.js">
      <metrics statements="29" coveredstatements="29" conditionals="18" coveredconditionals="18" methods="3" coveredmethods="3"/>
      <line num="11" count="83" type="cond" truecount="4" falsecount="0"/>
      <line num="12" count="37" type="stmt"/>
      <line num="15" count="46" type="cond" truecount="4" falsecount="0"/>
      <line num="16" count="2" type="stmt"/>
      <line num="19" count="44" type="stmt"/>
      <line num="20" count="44" type="stmt"/>
      <line num="21" count="44" type="stmt"/>
      <line num="22" count="44" type="stmt"/>
      <line num="25" count="44" type="cond" truecount="2" falsecount="0"/>
      <line num="26" count="2" type="stmt"/>
      <line num="28" count="42" type="cond" truecount="2" falsecount="0"/>
      <line num="30" count="36" type="cond" truecount="2" falsecount="0"/>
      <line num="31" count="5" type="stmt"/>
      <line num="33" count="31" type="stmt"/>
      <line num="38" count="6" type="stmt"/>
      <line num="40" count="6" type="cond" truecount="2" falsecount="0"/>
      <line num="41" count="4" type="stmt"/>
      <line num="43" count="2" type="stmt"/>
      <line num="46" count="6" type="cond" truecount="2" falsecount="0"/>
      <line num="47" count="5" type="stmt"/>
      <line num="49" count="1" type="stmt"/>
      <line num="52" count="44" type="stmt"/>
      <line num="60" count="1" type="stmt"/>
      <line num="62" count="4" type="stmt"/>
      <line num="64" count="4" type="stmt"/>
      <line num="66" count="4" type="stmt"/>
      <line num="149" count="4" type="stmt"/>
      <line num="157" count="64" type="stmt"/>
      <line num="168" count="1" type="stmt"/>
    </file>
    <file name="HundredProjectionResults.js" path="/Users/cassandralanza/Desktop/MetricMorph/MetricMorph/HundredProjectionResults.js">
      <metrics statements="9" coveredstatements="6" conditionals="0" coveredconditionals="0" methods="4" coveredmethods="1"/>
      <line num="6" count="1" type="stmt"/>
      <line num="7" count="6" type="stmt"/>
      <line num="43" count="6" type="stmt"/>
      <line num="44" count="0" type="stmt"/>
      <line num="47" count="6" type="stmt"/>
      <line num="48" count="0" type="stmt"/>
      <line num="51" count="6" type="stmt"/>
      <line num="58" count="0" type="stmt"/>
      <line num="87" count="1" type="stmt"/>
    </file>
    <file name="RaceProjectionResults.js" path="/Users/cassandralanza/Desktop/MetricMorph/MetricMorph/RaceProjectionResults.js">
      <metrics statements="9" coveredstatements="6" conditionals="0" coveredconditionals="0" methods="4" coveredmethods="1"/>
      <line num="6" count="1" type="stmt"/>
      <line num="7" count="6" type="stmt"/>
      <line num="43" count="6" type="stmt"/>
      <line num="44" count="0" type="stmt"/>
      <line num="47" count="6" type="stmt"/>
      <line num="48" count="0" type="stmt"/>
      <line num="51" count="6" type="stmt"/>
      <line num="58" count="0" type="stmt"/>
      <line num="87" count="1" type="stmt"/>
    </file>
    <file name="SplitsResults.js" path="/Users/cassandralanza/Desktop/MetricMorph/MetricMorph/SplitsResults.js">
      <metrics statements="29" coveredstatements="29" conditionals="18" coveredconditionals="18" methods="3" coveredmethods="3"/>
      <line num="11" count="67" type="cond" truecount="4" falsecount="0"/>
      <line num="12" count="29" type="stmt"/>
      <line num="15" count="38" type="cond" truecount="4" falsecount="0"/>
      <line num="16" count="2" type="stmt"/>
      <line num="19" count="36" type="stmt"/>
      <line num="20" count="36" type="stmt"/>
      <line num="21" count="36" type="stmt"/>
      <line num="22" count="36" type="stmt"/>
      <line num="25" count="36" type="cond" truecount="2" falsecount="0"/>
      <line num="26" count="3" type="stmt"/>
      <line num="28" count="33" type="cond" truecount="2" falsecount="0"/>
      <line num="30" count="27" type="cond" truecount="2" falsecount="0"/>
      <line num="31" count="8" type="stmt"/>
      <line num="33" count="19" type="stmt"/>
      <line num="38" count="6" type="stmt"/>
      <line num="40" count="6" type="cond" truecount="2" falsecount="0"/>
      <line num="41" count="4" type="stmt"/>
      <line num="43" count="2" type="stmt"/>
      <line num="46" count="6" type="cond" truecount="2" falsecount="0"/>
      <line num="47" count="5" type="stmt"/>
      <line num="49" count="1" type="stmt"/>
      <line num="53" count="36" type="stmt"/>
      <line num="60" count="1" type="stmt"/>
      <line num="62" count="4" type="stmt"/>
      <line num="64" count="4" type="stmt"/>
      <line num="66" count="4" type="stmt"/>
      <line num="124" count="4" type="stmt"/>
      <line num="131" count="44" type="stmt"/>
      <line num="145" count="1" type="stmt"/>
    </file>
  </project>
</coverage>
