{"/Users/cassandralanza/Desktop/MetricMorph/MetricMorph/ConversionResults.js": {"path":"/Users/cassandralanza/Desktop/MetricMorph/MetricMorph/ConversionResults.js","statementMap":{"0":{"start":{"line":11,"column":2},"end":{"line":13,"column":3}},"1":{"start":{"line":12,"column":6},"end":{"line":12,"column":24}},"2":{"start":{"line":15,"column":2},"end":{"line":17,"column":3}},"3":{"start":{"line":16,"column":4},"end":{"line":16,"column":22}},"4":{"start":{"line":19,"column":14},"end":{"line":19,"column":52}},"5":{"start":{"line":20,"column":16},"end":{"line":20,"column":61}},"6":{"start":{"line":21,"column":17},"end":{"line":21,"column":41}},"7":{"start":{"line":22,"column":23},"end":{"line":22,"column":36}},"8":{"start":{"line":25,"column":2},"end":{"line":51,"column":3}},"9":{"start":{"line":26,"column":4},"end":{"line":26,"column":40}},"10":{"start":{"line":28,"column":7},"end":{"line":51,"column":3}},"11":{"start":{"line":30,"column":4},"end":{"line":34,"column":5}},"12":{"start":{"line":31,"column":6},"end":{"line":31,"column":59}},"13":{"start":{"line":33,"column":6},"end":{"line":33,"column":58}},"14":{"start":{"line":38,"column":4},"end":{"line":38,"column":27}},"15":{"start":{"line":40,"column":4},"end":{"line":44,"column":5}},"16":{"start":{"line":41,"column":6},"end":{"line":41,"column":55}},"17":{"start":{"line":43,"column":6},"end":{"line":43,"column":54}},"18":{"start":{"line":46,"column":4},"end":{"line":50,"column":5}},"19":{"start":{"line":47,"column":6},"end":{"line":47,"column":66}},"20":{"start":{"line":49,"column":6},"end":{"line":49,"column":65}},"21":{"start":{"line":52,"column":2},"end":{"line":52,"column":24}},"22":{"start":{"line":61,"column":26},"end":{"line":143,"column":1}},"23":{"start":{"line":63,"column":27},"end":{"line":63,"column":84}},"24":{"start":{"line":65,"column":18},"end":{"line":65,"column":96}},"25":{"start":{"line":67,"column":17},"end":{"line":123,"column":5}},"26":{"start":{"line":125,"column":0},"end":{"line":139,"column":1}},"27":{"start":{"line":132,"column":10},"end":{"line":135,"column":17}},"28":{"start":{"line":146,"column":15},"end":{"line":169,"column":2}}},"fnMap":{"0":{"name":"formatResult","decl":{"start":{"line":9,"column":16},"end":{"line":9,"column":28}},"loc":{"start":{"line":9,"column":44},"end":{"line":53,"column":1}},"line":9},"1":{"name":"(anonymous_1)","decl":{"start":{"line":61,"column":26},"end":{"line":61,"column":27}},"loc":{"start":{"line":61,"column":79},"end":{"line":143,"column":1}},"line":61},"2":{"name":"(anonymous_2)","decl":{"start":{"line":131,"column":18},"end":{"line":131,"column":19}},"loc":{"start":{"line":132,"column":10},"end":{"line":135,"column":17}},"line":132}},"branchMap":{"0":{"loc":{"start":{"line":11,"column":2},"end":{"line":13,"column":3}},"type":"if","locations":[{"start":{"line":11,"column":2},"end":{"line":13,"column":3}},{"start":{},"end":{}}],"line":11},"1":{"loc":{"start":{"line":11,"column":6},"end":{"line":11,"column":63}},"type":"binary-expr","locations":[{"start":{"line":11,"column":6},"end":{"line":11,"column":26}},{"start":{"line":11,"column":30},"end":{"line":11,"column":63}}],"line":11},"2":{"loc":{"start":{"line":15,"column":2},"end":{"line":17,"column":3}},"type":"if","locations":[{"start":{"line":15,"column":2},"end":{"line":17,"column":3}},{"start":{},"end":{}}],"line":15},"3":{"loc":{"start":{"line":15,"column":5},"end":{"line":15,"column":48}},"type":"binary-expr","locations":[{"start":{"line":15,"column":5},"end":{"line":15,"column":22}},{"start":{"line":15,"column":26},"end":{"line":15,"column":48}}],"line":15},"4":{"loc":{"start":{"line":25,"column":2},"end":{"line":51,"column":3}},"type":"if","locations":[{"start":{"line":25,"column":2},"end":{"line":51,"column":3}},{"start":{"line":28,"column":7},"end":{"line":51,"column":3}}],"line":25},"5":{"loc":{"start":{"line":28,"column":7},"end":{"line":51,"column":3}},"type":"if","locations":[{"start":{"line":28,"column":7},"end":{"line":51,"column":3}},{"start":{"line":36,"column":7},"end":{"line":51,"column":3}}],"line":28},"6":{"loc":{"start":{"line":30,"column":4},"end":{"line":34,"column":5}},"type":"if","locations":[{"start":{"line":30,"column":4},"end":{"line":34,"column":5}},{"start":{"line":32,"column":11},"end":{"line":34,"column":5}}],"line":30},"7":{"loc":{"start":{"line":40,"column":4},"end":{"line":44,"column":5}},"type":"if","locations":[{"start":{"line":40,"column":4},"end":{"line":44,"column":5}},{"start":{"line":42,"column":11},"end":{"line":44,"column":5}}],"line":40},"8":{"loc":{"start":{"line":46,"column":4},"end":{"line":50,"column":5}},"type":"if","locations":[{"start":{"line":46,"column":4},"end":{"line":50,"column":5}},{"start":{"line":48,"column":11},"end":{"line":50,"column":5}}],"line":46}},"s":{"0":61,"1":27,"2":34,"3":2,"4":32,"5":32,"6":32,"7":32,"8":32,"9":2,"10":30,"11":26,"12":7,"13":19,"14":4,"15":4,"16":4,"17":0,"18":4,"19":4,"20":0,"21":32,"22":1,"23":4,"24":4,"25":4,"26":4,"27":44,"28":1},"f":{"0":61,"1":4,"2":44},"b":{"0":[27,34],"1":[61,35],"2":[2,32],"3":[34,33],"4":[2,30],"5":[26,4],"6":[7,19],"7":[4,0],"8":[4,0]},"_coverageSchema":"1a1c01bbd47fc00a2c39e90264f33305004495a9","hash":"49118a44871498aa27de82c26f4117f25b90f65f"}
,"/Users/cassandralanza/Desktop/MetricMorph/MetricMorph/ConvertMeterYardResults.js": {"path":"/Users/cassandralanza/Desktop/MetricMorph/MetricMorph/ConvertMeterYardResults.js","statementMap":{"0":{"start":{"line":6,"column":32},"end":{"line":34,"column":1}},"1":{"start":{"line":8,"column":24},"end":{"line":10,"column":3}},"2":{"start":{"line":9,"column":4},"end":{"line":9,"column":24}},"3":{"start":{"line":12,"column":23},"end":{"line":14,"column":3}},"4":{"start":{"line":13,"column":4},"end":{"line":13,"column":23}},"5":{"start":{"line":16,"column":0},"end":{"line":30,"column":1}},"6":{"start":{"line":37,"column":15},"end":{"line":91,"column":2}}},"fnMap":{"0":{"name":"(anonymous_0)","decl":{"start":{"line":6,"column":32},"end":{"line":6,"column":33}},"loc":{"start":{"line":6,"column":38},"end":{"line":34,"column":1}},"line":6},"1":{"name":"(anonymous_1)","decl":{"start":{"line":8,"column":24},"end":{"line":8,"column":25}},"loc":{"start":{"line":8,"column":30},"end":{"line":10,"column":3}},"line":8},"2":{"name":"(anonymous_2)","decl":{"start":{"line":12,"column":23},"end":{"line":12,"column":24}},"loc":{"start":{"line":12,"column":29},"end":{"line":14,"column":3}},"line":12}},"branchMap":{},"s":{"0":1,"1":4,"2":1,"3":4,"4":1,"5":4,"6":1},"f":{"0":4,"1":1,"2":1},"b":{},"_coverageSchema":"1a1c01bbd47fc00a2c39e90264f33305004495a9","hash":"9e888ede2074380ba6bf6b9c401ed0d197b3e696"}
,"/Users/cassandralanza/Desktop/MetricMorph/MetricMorph/EffortResults.js": {"path":"/Users/cassandralanza/Desktop/MetricMorph/MetricMorph/EffortResults.js","statementMap":{"0":{"start":{"line":11,"column":2},"end":{"line":13,"column":3}},"1":{"start":{"line":12,"column":6},"end":{"line":12,"column":24}},"2":{"start":{"line":15,"column":2},"end":{"line":17,"column":3}},"3":{"start":{"line":16,"column":4},"end":{"line":16,"column":22}},"4":{"start":{"line":19,"column":14},"end":{"line":19,"column":52}},"5":{"start":{"line":20,"column":16},"end":{"line":20,"column":61}},"6":{"start":{"line":21,"column":17},"end":{"line":21,"column":41}},"7":{"start":{"line":22,"column":23},"end":{"line":22,"column":36}},"8":{"start":{"line":25,"column":2},"end":{"line":51,"column":3}},"9":{"start":{"line":26,"column":4},"end":{"line":26,"column":40}},"10":{"start":{"line":28,"column":7},"end":{"line":51,"column":3}},"11":{"start":{"line":30,"column":4},"end":{"line":34,"column":5}},"12":{"start":{"line":31,"column":6},"end":{"line":31,"column":59}},"13":{"start":{"line":33,"column":6},"end":{"line":33,"column":58}},"14":{"start":{"line":38,"column":4},"end":{"line":38,"column":27}},"15":{"start":{"line":40,"column":4},"end":{"line":44,"column":5}},"16":{"start":{"line":41,"column":6},"end":{"line":41,"column":55}},"17":{"start":{"line":43,"column":6},"end":{"line":43,"column":54}},"18":{"start":{"line":46,"column":4},"end":{"line":50,"column":5}},"19":{"start":{"line":47,"column":6},"end":{"line":47,"column":66}},"20":{"start":{"line":49,"column":6},"end":{"line":49,"column":65}},"21":{"start":{"line":52,"column":2},"end":{"line":52,"column":24}},"22":{"start":{"line":60,"column":22},"end":{"line":165,"column":1}},"23":{"start":{"line":62,"column":27},"end":{"line":62,"column":84}},"24":{"start":{"line":64,"column":16},"end":{"line":64,"column":84}},"25":{"start":{"line":66,"column":17},"end":{"line":147,"column":5}},"26":{"start":{"line":149,"column":4},"end":{"line":164,"column":5}},"27":{"start":{"line":157,"column":14},"end":{"line":160,"column":21}},"28":{"start":{"line":168,"column":15},"end":{"line":191,"column":2}}},"fnMap":{"0":{"name":"formatResult","decl":{"start":{"line":9,"column":16},"end":{"line":9,"column":28}},"loc":{"start":{"line":9,"column":44},"end":{"line":53,"column":1}},"line":9},"1":{"name":"(anonymous_1)","decl":{"start":{"line":60,"column":22},"end":{"line":60,"column":23}},"loc":{"start":{"line":60,"column":74},"end":{"line":165,"column":1}},"line":60},"2":{"name":"(anonymous_2)","decl":{"start":{"line":156,"column":22},"end":{"line":156,"column":23}},"loc":{"start":{"line":157,"column":14},"end":{"line":160,"column":21}},"line":157}},"branchMap":{"0":{"loc":{"start":{"line":11,"column":2},"end":{"line":13,"column":3}},"type":"if","locations":[{"start":{"line":11,"column":2},"end":{"line":13,"column":3}},{"start":{},"end":{}}],"line":11},"1":{"loc":{"start":{"line":11,"column":6},"end":{"line":11,"column":63}},"type":"binary-expr","locations":[{"start":{"line":11,"column":6},"end":{"line":11,"column":26}},{"start":{"line":11,"column":30},"end":{"line":11,"column":63}}],"line":11},"2":{"loc":{"start":{"line":15,"column":2},"end":{"line":17,"column":3}},"type":"if","locations":[{"start":{"line":15,"column":2},"end":{"line":17,"column":3}},{"start":{},"end":{}}],"line":15},"3":{"loc":{"start":{"line":15,"column":5},"end":{"line":15,"column":48}},"type":"binary-expr","locations":[{"start":{"line":15,"column":5},"end":{"line":15,"column":22}},{"start":{"line":15,"column":26},"end":{"line":15,"column":48}}],"line":15},"4":{"loc":{"start":{"line":25,"column":2},"end":{"line":51,"column":3}},"type":"if","locations":[{"start":{"line":25,"column":2},"end":{"line":51,"column":3}},{"start":{"line":28,"column":7},"end":{"line":51,"column":3}}],"line":25},"5":{"loc":{"start":{"line":28,"column":7},"end":{"line":51,"column":3}},"type":"if","locations":[{"start":{"line":28,"column":7},"end":{"line":51,"column":3}},{"start":{"line":36,"column":7},"end":{"line":51,"column":3}}],"line":28},"6":{"loc":{"start":{"line":30,"column":4},"end":{"line":34,"column":5}},"type":"if","locations":[{"start":{"line":30,"column":4},"end":{"line":34,"column":5}},{"start":{"line":32,"column":11},"end":{"line":34,"column":5}}],"line":30},"7":{"loc":{"start":{"line":40,"column":4},"end":{"line":44,"column":5}},"type":"if","locations":[{"start":{"line":40,"column":4},"end":{"line":44,"column":5}},{"start":{"line":42,"column":11},"end":{"line":44,"column":5}}],"line":40},"8":{"loc":{"start":{"line":46,"column":4},"end":{"line":50,"column":5}},"type":"if","locations":[{"start":{"line":46,"column":4},"end":{"line":50,"column":5}},{"start":{"line":48,"column":11},"end":{"line":50,"column":5}}],"line":46}},"s":{"0":83,"1":37,"2":46,"3":2,"4":44,"5":44,"6":44,"7":44,"8":44,"9":2,"10":42,"11":36,"12":5,"13":31,"14":6,"15":6,"16":4,"17":2,"18":6,"19":5,"20":1,"21":44,"22":1,"23":4,"24":4,"25":4,"26":4,"27":64,"28":1},"f":{"0":83,"1":4,"2":64},"b":{"0":[37,46],"1":[83,47],"2":[2,44],"3":[46,45],"4":[2,42],"5":[36,6],"6":[5,31],"7":[4,2],"8":[5,1]},"_coverageSchema":"1a1c01bbd47fc00a2c39e90264f33305004495a9","hash":"77a867f976c1c86a8693ee2bf5001e9b999f5c1c"}
,"/Users/cassandralanza/Desktop/MetricMorph/MetricMorph/HundredProjectionResults.js": {"path":"/Users/cassandralanza/Desktop/MetricMorph/MetricMorph/HundredProjectionResults.js","statementMap":{"0":{"start":{"line":6,"column":26},"end":{"line":84,"column":1}},"1":{"start":{"line":7,"column":2},"end":{"line":41,"column":3}},"2":{"start":{"line":43,"column":24},"end":{"line":45,"column":3}},"3":{"start":{"line":44,"column":4},"end":{"line":44,"column":24}},"4":{"start":{"line":47,"column":23},"end":{"line":49,"column":3}},"5":{"start":{"line":48,"column":4},"end":{"line":48,"column":23}},"6":{"start":{"line":51,"column":0},"end":{"line":80,"column":1}},"7":{"start":{"line":58,"column":8},"end":{"line":67,"column":15}},"8":{"start":{"line":87,"column":15},"end":{"line":143,"column":2}}},"fnMap":{"0":{"name":"(anonymous_0)","decl":{"start":{"line":6,"column":26},"end":{"line":6,"column":27}},"loc":{"start":{"line":6,"column":32},"end":{"line":84,"column":1}},"line":6},"1":{"name":"(anonymous_1)","decl":{"start":{"line":43,"column":24},"end":{"line":43,"column":25}},"loc":{"start":{"line":43,"column":30},"end":{"line":45,"column":3}},"line":43},"2":{"name":"(anonymous_2)","decl":{"start":{"line":47,"column":23},"end":{"line":47,"column":24}},"loc":{"start":{"line":47,"column":29},"end":{"line":49,"column":3}},"line":47},"3":{"name":"(anonymous_3)","decl":{"start":{"line":57,"column":28},"end":{"line":57,"column":29}},"loc":{"start":{"line":58,"column":8},"end":{"line":67,"column":15}},"line":58}},"branchMap":{},"s":{"0":1,"1":6,"2":6,"3":0,"4":6,"5":0,"6":6,"7":0,"8":1},"f":{"0":6,"1":0,"2":0,"3":0},"b":{},"_coverageSchema":"1a1c01bbd47fc00a2c39e90264f33305004495a9","hash":"c75ff2df0eb695b403a120178ed9ef5673ced9cb"}
,"/Users/cassandralanza/Desktop/MetricMorph/MetricMorph/RaceProjectionResults.js": {"path":"/Users/cassandralanza/Desktop/MetricMorph/MetricMorph/RaceProjectionResults.js","statementMap":{"0":{"start":{"line":6,"column":26},"end":{"line":84,"column":1}},"1":{"start":{"line":7,"column":2},"end":{"line":41,"column":3}},"2":{"start":{"line":43,"column":24},"end":{"line":45,"column":3}},"3":{"start":{"line":44,"column":4},"end":{"line":44,"column":24}},"4":{"start":{"line":47,"column":23},"end":{"line":49,"column":3}},"5":{"start":{"line":48,"column":4},"end":{"line":48,"column":23}},"6":{"start":{"line":51,"column":0},"end":{"line":80,"column":1}},"7":{"start":{"line":58,"column":8},"end":{"line":67,"column":15}},"8":{"start":{"line":87,"column":15},"end":{"line":143,"column":2}}},"fnMap":{"0":{"name":"(anonymous_0)","decl":{"start":{"line":6,"column":26},"end":{"line":6,"column":27}},"loc":{"start":{"line":6,"column":32},"end":{"line":84,"column":1}},"line":6},"1":{"name":"(anonymous_1)","decl":{"start":{"line":43,"column":24},"end":{"line":43,"column":25}},"loc":{"start":{"line":43,"column":30},"end":{"line":45,"column":3}},"line":43},"2":{"name":"(anonymous_2)","decl":{"start":{"line":47,"column":23},"end":{"line":47,"column":24}},"loc":{"start":{"line":47,"column":29},"end":{"line":49,"column":3}},"line":47},"3":{"name":"(anonymous_3)","decl":{"start":{"line":57,"column":28},"end":{"line":57,"column":29}},"loc":{"start":{"line":58,"column":8},"end":{"line":67,"column":15}},"line":58}},"branchMap":{},"s":{"0":1,"1":6,"2":6,"3":0,"4":6,"5":0,"6":6,"7":0,"8":1},"f":{"0":6,"1":0,"2":0,"3":0},"b":{},"_coverageSchema":"1a1c01bbd47fc00a2c39e90264f33305004495a9","hash":"7469c4d7379948896ddcc821067f9506a0fca123"}
,"/Users/cassandralanza/Desktop/MetricMorph/MetricMorph/SplitsResults.js": {"path":"/Users/cassandralanza/Desktop/MetricMorph/MetricMorph/SplitsResults.js","statementMap":{"0":{"start":{"line":11,"column":2},"end":{"line":13,"column":3}},"1":{"start":{"line":12,"column":6},"end":{"line":12,"column":24}},"2":{"start":{"line":15,"column":2},"end":{"line":17,"column":3}},"3":{"start":{"line":16,"column":4},"end":{"line":16,"column":22}},"4":{"start":{"line":19,"column":14},"end":{"line":19,"column":52}},"5":{"start":{"line":20,"column":16},"end":{"line":20,"column":61}},"6":{"start":{"line":21,"column":17},"end":{"line":21,"column":41}},"7":{"start":{"line":22,"column":23},"end":{"line":22,"column":33}},"8":{"start":{"line":25,"column":2},"end":{"line":51,"column":3}},"9":{"start":{"line":26,"column":4},"end":{"line":26,"column":40}},"10":{"start":{"line":28,"column":7},"end":{"line":51,"column":3}},"11":{"start":{"line":30,"column":4},"end":{"line":34,"column":5}},"12":{"start":{"line":31,"column":6},"end":{"line":31,"column":59}},"13":{"start":{"line":33,"column":6},"end":{"line":33,"column":58}},"14":{"start":{"line":38,"column":4},"end":{"line":38,"column":27}},"15":{"start":{"line":40,"column":4},"end":{"line":44,"column":5}},"16":{"start":{"line":41,"column":6},"end":{"line":41,"column":55}},"17":{"start":{"line":43,"column":6},"end":{"line":43,"column":54}},"18":{"start":{"line":46,"column":4},"end":{"line":50,"column":5}},"19":{"start":{"line":47,"column":6},"end":{"line":47,"column":66}},"20":{"start":{"line":49,"column":6},"end":{"line":49,"column":65}},"21":{"start":{"line":53,"column":2},"end":{"line":53,"column":24}},"22":{"start":{"line":60,"column":22},"end":{"line":142,"column":1}},"23":{"start":{"line":62,"column":27},"end":{"line":62,"column":84}},"24":{"start":{"line":64,"column":17},"end":{"line":64,"column":84}},"25":{"start":{"line":66,"column":17},"end":{"line":122,"column":3}},"26":{"start":{"line":124,"column":0},"end":{"line":138,"column":1}},"27":{"start":{"line":131,"column":8},"end":{"line":134,"column":15}},"28":{"start":{"line":145,"column":15},"end":{"line":170,"column":2}}},"fnMap":{"0":{"name":"formatResult","decl":{"start":{"line":9,"column":16},"end":{"line":9,"column":28}},"loc":{"start":{"line":9,"column":44},"end":{"line":54,"column":1}},"line":9},"1":{"name":"(anonymous_1)","decl":{"start":{"line":60,"column":22},"end":{"line":60,"column":23}},"loc":{"start":{"line":60,"column":77},"end":{"line":142,"column":1}},"line":60},"2":{"name":"(anonymous_2)","decl":{"start":{"line":130,"column":16},"end":{"line":130,"column":17}},"loc":{"start":{"line":131,"column":8},"end":{"line":134,"column":15}},"line":131}},"branchMap":{"0":{"loc":{"start":{"line":11,"column":2},"end":{"line":13,"column":3}},"type":"if","locations":[{"start":{"line":11,"column":2},"end":{"line":13,"column":3}},{"start":{},"end":{}}],"line":11},"1":{"loc":{"start":{"line":11,"column":6},"end":{"line":11,"column":63}},"type":"binary-expr","locations":[{"start":{"line":11,"column":6},"end":{"line":11,"column":26}},{"start":{"line":11,"column":30},"end":{"line":11,"column":63}}],"line":11},"2":{"loc":{"start":{"line":15,"column":2},"end":{"line":17,"column":3}},"type":"if","locations":[{"start":{"line":15,"column":2},"end":{"line":17,"column":3}},{"start":{},"end":{}}],"line":15},"3":{"loc":{"start":{"line":15,"column":5},"end":{"line":15,"column":48}},"type":"binary-expr","locations":[{"start":{"line":15,"column":5},"end":{"line":15,"column":22}},{"start":{"line":15,"column":26},"end":{"line":15,"column":48}}],"line":15},"4":{"loc":{"start":{"line":25,"column":2},"end":{"line":51,"column":3}},"type":"if","locations":[{"start":{"line":25,"column":2},"end":{"line":51,"column":3}},{"start":{"line":28,"column":7},"end":{"line":51,"column":3}}],"line":25},"5":{"loc":{"start":{"line":28,"column":7},"end":{"line":51,"column":3}},"type":"if","locations":[{"start":{"line":28,"column":7},"end":{"line":51,"column":3}},{"start":{"line":36,"column":7},"end":{"line":51,"column":3}}],"line":28},"6":{"loc":{"start":{"line":30,"column":4},"end":{"line":34,"column":5}},"type":"if","locations":[{"start":{"line":30,"column":4},"end":{"line":34,"column":5}},{"start":{"line":32,"column":11},"end":{"line":34,"column":5}}],"line":30},"7":{"loc":{"start":{"line":40,"column":4},"end":{"line":44,"column":5}},"type":"if","locations":[{"start":{"line":40,"column":4},"end":{"line":44,"column":5}},{"start":{"line":42,"column":11},"end":{"line":44,"column":5}}],"line":40},"8":{"loc":{"start":{"line":46,"column":4},"end":{"line":50,"column":5}},"type":"if","locations":[{"start":{"line":46,"column":4},"end":{"line":50,"column":5}},{"start":{"line":48,"column":11},"end":{"line":50,"column":5}}],"line":46}},"s":{"0":67,"1":29,"2":38,"3":2,"4":36,"5":36,"6":36,"7":36,"8":36,"9":3,"10":33,"11":27,"12":8,"13":19,"14":6,"15":6,"16":4,"17":2,"18":6,"19":5,"20":1,"21":36,"22":1,"23":4,"24":4,"25":4,"26":4,"27":44,"28":1},"f":{"0":67,"1":4,"2":44},"b":{"0":[29,38],"1":[67,39],"2":[2,36],"3":[38,37],"4":[3,33],"5":[27,6],"6":[8,19],"7":[4,2],"8":[5,1]},"_coverageSchema":"1a1c01bbd47fc00a2c39e90264f33305004495a9","hash":"558ee6f3e38d07c11da761df8083fc8e2fa9dc7e"}
}
