TN:
SF:ConversionResults.js
FN:9,formatResult
FN:61,(anonymous_1)
FN:131,(anonymous_2)
FNF:3
FNH:3
FNDA:61,formatResult
FNDA:4,(anonymous_1)
FNDA:44,(anonymous_2)
DA:11,61
DA:12,27
DA:15,34
DA:16,2
DA:19,32
DA:20,32
DA:21,32
DA:22,32
DA:25,32
DA:26,2
DA:28,30
DA:30,26
DA:31,7
DA:33,19
DA:38,4
DA:40,4
DA:41,4
DA:43,0
DA:46,4
DA:47,4
DA:49,0
DA:52,32
DA:61,1
DA:63,4
DA:65,4
DA:67,4
DA:125,4
DA:132,44
DA:146,1
LF:29
LH:27
BRDA:11,0,0,27
BRDA:11,0,1,34
BRDA:11,1,0,61
BRDA:11,1,1,35
BRDA:15,2,0,2
BRDA:15,2,1,32
BRDA:15,3,0,34
BRDA:15,3,1,33
BRDA:25,4,0,2
BRDA:25,4,1,30
BRDA:28,5,0,26
BRDA:28,5,1,4
BRDA:30,6,0,7
BRDA:30,6,1,19
BRDA:40,7,0,4
BRDA:40,7,1,0
BRDA:46,8,0,4
BRDA:46,8,1,0
BRF:18
BRH:16
end_of_record
TN:
SF:ConvertMeterYardResults.js
FN:6,(anonymous_0)
FN:8,(anonymous_1)
FN:12,(anonymous_2)
FNF:3
FNH:3
FNDA:4,(anonymous_0)
FNDA:1,(anonymous_1)
FNDA:1,(anonymous_2)
DA:6,1
DA:8,4
DA:9,1
DA:12,4
DA:13,1
DA:16,4
DA:37,1
LF:7
LH:7
BRF:0
BRH:0
end_of_record
TN:
SF:EffortResults.js
FN:9,formatResult
FN:60,(anonymous_1)
FN:156,(anonymous_2)
FNF:3
FNH:3
FNDA:83,formatResult
FNDA:4,(anonymous_1)
FNDA:64,(anonymous_2)
DA:11,83
DA:12,37
DA:15,46
DA:16,2
DA:19,44
DA:20,44
DA:21,44
DA:22,44
DA:25,44
DA:26,2
DA:28,42
DA:30,36
DA:31,5
DA:33,31
DA:38,6
DA:40,6
DA:41,4
DA:43,2
DA:46,6
DA:47,5
DA:49,1
DA:52,44
DA:60,1
DA:62,4
DA:64,4
DA:66,4
DA:149,4
DA:157,64
DA:168,1
LF:29
LH:29
BRDA:11,0,0,37
BRDA:11,0,1,46
BRDA:11,1,0,83
BRDA:11,1,1,47
BRDA:15,2,0,2
BRDA:15,2,1,44
BRDA:15,3,0,46
BRDA:15,3,1,45
BRDA:25,4,0,2
BRDA:25,4,1,42
BRDA:28,5,0,36
BRDA:28,5,1,6
BRDA:30,6,0,5
BRDA:30,6,1,31
BRDA:40,7,0,4
BRDA:40,7,1,2
BRDA:46,8,0,5
BRDA:46,8,1,1
BRF:18
BRH:18
end_of_record
TN:
SF:HundredProjectionResults.js
FN:6,(anonymous_0)
FN:43,(anonymous_1)
FN:47,(anonymous_2)
FN:57,(anonymous_3)
FNF:4
FNH:1
FNDA:6,(anonymous_0)
FNDA:0,(anonymous_1)
FNDA:0,(anonymous_2)
FNDA:0,(anonymous_3)
DA:6,1
DA:7,6
DA:43,6
DA:44,0
DA:47,6
DA:48,0
DA:51,6
DA:58,0
DA:87,1
LF:9
LH:6
BRF:0
BRH:0
end_of_record
TN:
SF:RaceProjectionResults.js
FN:6,(anonymous_0)
FN:43,(anonymous_1)
FN:47,(anonymous_2)
FN:57,(anonymous_3)
FNF:4
FNH:1
FNDA:6,(anonymous_0)
FNDA:0,(anonymous_1)
FNDA:0,(anonymous_2)
FNDA:0,(anonymous_3)
DA:6,1
DA:7,6
DA:43,6
DA:44,0
DA:47,6
DA:48,0
DA:51,6
DA:58,0
DA:87,1
LF:9
LH:6
BRF:0
BRH:0
end_of_record
TN:
SF:SplitsResults.js
FN:9,formatResult
FN:60,(anonymous_1)
FN:130,(anonymous_2)
FNF:3
FNH:3
FNDA:67,formatResult
FNDA:4,(anonymous_1)
FNDA:44,(anonymous_2)
DA:11,67
DA:12,29
DA:15,38
DA:16,2
DA:19,36
DA:20,36
DA:21,36
DA:22,36
DA:25,36
DA:26,3
DA:28,33
DA:30,27
DA:31,8
DA:33,19
DA:38,6
DA:40,6
DA:41,4
DA:43,2
DA:46,6
DA:47,5
DA:49,1
DA:53,36
DA:60,1
DA:62,4
DA:64,4
DA:66,4
DA:124,4
DA:131,44
DA:145,1
LF:29
LH:29
BRDA:11,0,0,29
BRDA:11,0,1,38
BRDA:11,1,0,67
BRDA:11,1,1,39
BRDA:15,2,0,2
BRDA:15,2,1,36
BRDA:15,3,0,38
BRDA:15,3,1,37
BRDA:25,4,0,3
BRDA:25,4,1,33
BRDA:28,5,0,27
BRDA:28,5,1,6
BRDA:30,6,0,8
BRDA:30,6,1,19
BRDA:40,7,0,4
BRDA:40,7,1,2
BRDA:46,8,0,5
BRDA:46,8,1,1
BRF:18
BRH:18
end_of_record
